<?xml version="1.0" encoding="UTF-8"?>
<testsuite xmlns:xsi="http://www.w3.org/2001/XMLSchema-instance" xsi:noNamespaceSchemaLocation="https://maven.apache.org/surefire/maven-surefire-plugin/xsd/surefire-test-report-3.0.xsd" version="3.0" name="As a user I should be able to login to my store app" time="50.611" tests="1" errors="0" skipped="0" failures="0">
  <properties>
    <property name="sun.desktop" value="gnome"/>
    <property name="awt.toolkit" value="sun.awt.X11.XToolkit"/>
    <property name="java.specification.version" value="11"/>
    <property name="webdriver.chrome.driver" value="/home/raphael/.cache/selenium/chromedriver/linux64/103.0.5060.53/chromedriver"/>
    <property name="sun.cpu.isalist" value=""/>
    <property name="sun.jnu.encoding" value="UTF-8"/>
    <property name="java.class.path" value="/home/raphael/Desktop/Intellij projects/DomainChallenge/target/test-classes:/home/raphael/Desktop/Intellij projects/DomainChallenge/target/classes:/home/raphael/.m2/repository/io/cucumber/cucumber-java/6.11.0/cucumber-java-6.11.0.jar:/home/raphael/.m2/repository/io/cucumber/cucumber-core/6.11.0/cucumber-core-6.11.0.jar:/home/raphael/.m2/repository/io/cucumber/cucumber-gherkin/6.11.0/cucumber-gherkin-6.11.0.jar:/home/raphael/.m2/repository/io/cucumber/cucumber-gherkin-messages/6.11.0/cucumber-gherkin-messages-6.11.0.jar:/home/raphael/.m2/repository/io/cucumber/messages/15.0.0/messages-15.0.0.jar:/home/raphael/.m2/repository/io/cucumber/tag-expressions/3.0.1/tag-expressions-3.0.1.jar:/home/raphael/.m2/repository/io/cucumber/cucumber-expressions/10.3.0/cucumber-expressions-10.3.0.jar:/home/raphael/.m2/repository/io/cucumber/datatable/3.5.0/datatable-3.5.0.jar:/home/raphael/.m2/repository/io/cucumber/cucumber-plugin/6.11.0/cucumber-plugin-6.11.0.jar:/home/raphael/.m2/repository/io/cucumber/docstring/6.11.0/docstring-6.11.0.jar:/home/raphael/.m2/repository/io/cucumber/html-formatter/13.0.0/html-formatter-13.0.0.jar:/home/raphael/.m2/repository/io/cucumber/create-meta/4.0.0/create-meta-4.0.0.jar:/home/raphael/.m2/repository/org/apiguardian/apiguardian-api/1.1.2/apiguardian-api-1.1.2.jar:/home/raphael/.m2/repository/io/cucumber/cucumber-junit/6.11.0/cucumber-junit-6.11.0.jar:/home/raphael/.m2/repository/junit/junit/4.13.2/junit-4.13.2.jar:/home/raphael/.m2/repository/org/hamcrest/hamcrest-core/1.3/hamcrest-core-1.3.jar:/home/raphael/.m2/repository/org/seleniumhq/selenium/selenium-java/3.141.59/selenium-java-3.141.59.jar:/home/raphael/.m2/repository/org/seleniumhq/selenium/selenium-api/3.141.59/selenium-api-3.141.59.jar:/home/raphael/.m2/repository/org/seleniumhq/selenium/selenium-chrome-driver/3.141.59/selenium-chrome-driver-3.141.59.jar:/home/raphael/.m2/repository/org/seleniumhq/selenium/selenium-edge-driver/3.141.59/selenium-edge-driver-3.141.59.jar:/home/raphael/.m2/repository/org/seleniumhq/selenium/selenium-firefox-driver/3.141.59/selenium-firefox-driver-3.141.59.jar:/home/raphael/.m2/repository/org/seleniumhq/selenium/selenium-ie-driver/3.141.59/selenium-ie-driver-3.141.59.jar:/home/raphael/.m2/repository/org/seleniumhq/selenium/selenium-opera-driver/3.141.59/selenium-opera-driver-3.141.59.jar:/home/raphael/.m2/repository/org/seleniumhq/selenium/selenium-remote-driver/3.141.59/selenium-remote-driver-3.141.59.jar:/home/raphael/.m2/repository/org/seleniumhq/selenium/selenium-safari-driver/3.141.59/selenium-safari-driver-3.141.59.jar:/home/raphael/.m2/repository/org/seleniumhq/selenium/selenium-support/3.141.59/selenium-support-3.141.59.jar:/home/raphael/.m2/repository/net/bytebuddy/byte-buddy/1.8.15/byte-buddy-1.8.15.jar:/home/raphael/.m2/repository/org/apache/commons/commons-exec/1.3/commons-exec-1.3.jar:/home/raphael/.m2/repository/com/google/guava/guava/25.0-jre/guava-25.0-jre.jar:/home/raphael/.m2/repository/com/google/code/findbugs/jsr305/1.3.9/jsr305-1.3.9.jar:/home/raphael/.m2/repository/org/checkerframework/checker-compat-qual/2.0.0/checker-compat-qual-2.0.0.jar:/home/raphael/.m2/repository/com/google/errorprone/error_prone_annotations/2.1.3/error_prone_annotations-2.1.3.jar:/home/raphael/.m2/repository/com/google/j2objc/j2objc-annotations/1.1/j2objc-annotations-1.1.jar:/home/raphael/.m2/repository/org/codehaus/mojo/animal-sniffer-annotations/1.14/animal-sniffer-annotations-1.14.jar:/home/raphael/.m2/repository/com/squareup/okhttp3/okhttp/3.11.0/okhttp-3.11.0.jar:/home/raphael/.m2/repository/com/squareup/okio/okio/1.14.0/okio-1.14.0.jar:/home/raphael/.m2/repository/com/github/javafaker/javafaker/1.0.2/javafaker-1.0.2.jar:/home/raphael/.m2/repository/org/apache/commons/commons-lang3/3.5/commons-lang3-3.5.jar:/home/raphael/.m2/repository/org/yaml/snakeyaml/1.23/snakeyaml-1.23-android.jar:/home/raphael/.m2/repository/com/github/mifmif/generex/1.0.2/generex-1.0.2.jar:/home/raphael/.m2/repository/dk/brics/automaton/automaton/1.11-8/automaton-1.11-8.jar:/home/raphael/.m2/repository/io/github/bonigarcia/webdrivermanager/5.0.2/webdrivermanager-5.0.2.jar:/home/raphael/.m2/repository/org/slf4j/slf4j-api/1.7.32/slf4j-api-1.7.32.jar:/home/raphael/.m2/repository/com/google/code/gson/gson/2.8.8/gson-2.8.8.jar:/home/raphael/.m2/repository/org/jsoup/jsoup/1.14.2/jsoup-1.14.2.jar:/home/raphael/.m2/repository/com/github/docker-java/docker-java/3.2.11/docker-java-3.2.11.jar:/home/raphael/.m2/repository/com/github/docker-java/docker-java-core/3.2.11/docker-java-core-3.2.11.jar:/home/raphael/.m2/repository/com/github/docker-java/docker-java-api/3.2.11/docker-java-api-3.2.11.jar:/home/raphael/.m2/repository/org/apache/commons/commons-compress/1.20/commons-compress-1.20.jar:/home/raphael/.m2/repository/commons-lang/commons-lang/2.6/commons-lang-2.6.jar:/home/raphael/.m2/repository/org/bouncycastle/bcpkix-jdk15on/1.64/bcpkix-jdk15on-1.64.jar:/home/raphael/.m2/repository/org/bouncycastle/bcprov-jdk15on/1.64/bcprov-jdk15on-1.64.jar:/home/raphael/.m2/repository/org/slf4j/jcl-over-slf4j/1.7.30/jcl-over-slf4j-1.7.30.jar:/home/raphael/.m2/repository/com/github/docker-java/docker-java-transport-httpclient5/3.2.11/docker-java-transport-httpclient5-3.2.11.jar:/home/raphael/.m2/repository/com/github/docker-java/docker-java-transport/3.2.11/docker-java-transport-3.2.11.jar:/home/raphael/.m2/repository/org/apache/httpcomponents/client5/httpclient5/5.0.3/httpclient5-5.0.3.jar:/home/raphael/.m2/repository/org/apache/httpcomponents/core5/httpcore5/5.0.2/httpcore5-5.0.2.jar:/home/raphael/.m2/repository/net/java/dev/jna/jna/5.8.0/jna-5.8.0.jar:/home/raphael/.m2/repository/org/brotli/dec/0.1.2/dec-0.1.2.jar:/home/raphael/.m2/repository/me/jvt/cucumber/reporting-plugin/5.3.0/reporting-plugin-5.3.0.jar:/home/raphael/.m2/repository/io/cucumber/gherkin/18.0.0/gherkin-18.0.0.jar:/home/raphael/.m2/repository/net/masterthought/cucumber-reporting/5.6.0/cucumber-reporting-5.6.0.jar:/home/raphael/.m2/repository/com/fasterxml/jackson/datatype/jackson-datatype-jsr310/2.12.1/jackson-datatype-jsr310-2.12.1.jar:/home/raphael/.m2/repository/org/apache/velocity/velocity-engine-core/2.3/velocity-engine-core-2.3.jar:/home/raphael/.m2/repository/commons-collections/commons-collections/3.2.2/commons-collections-3.2.2.jar:/home/raphael/.m2/repository/joda-time/joda-time/2.10.10/joda-time-2.10.10.jar:/home/raphael/.m2/repository/commons-io/commons-io/2.7/commons-io-2.7.jar:/home/raphael/.m2/repository/org/codehaus/plexus/plexus-utils/3.3.0/plexus-utils-3.3.0.jar:/home/raphael/.m2/repository/com/googlecode/owasp-java-html-sanitizer/owasp-java-html-sanitizer/20200713.1/owasp-java-html-sanitizer-20200713.1.jar:/home/raphael/.m2/repository/commons-configuration/commons-configuration/1.10/commons-configuration-1.10.jar:/home/raphael/.m2/repository/org/slf4j/slf4j-simple/1.7.32/slf4j-simple-1.7.32.jar:/home/raphael/.m2/repository/io/rest-assured/rest-assured/5.1.0/rest-assured-5.1.0.jar:/home/raphael/.m2/repository/org/apache/groovy/groovy/4.0.1/groovy-4.0.1.jar:/home/raphael/.m2/repository/org/apache/groovy/groovy-xml/4.0.1/groovy-xml-4.0.1.jar:/home/raphael/.m2/repository/org/apache/httpcomponents/httpclient/4.5.13/httpclient-4.5.13.jar:/home/raphael/.m2/repository/org/apache/httpcomponents/httpcore/4.4.13/httpcore-4.4.13.jar:/home/raphael/.m2/repository/commons-logging/commons-logging/1.2/commons-logging-1.2.jar:/home/raphael/.m2/repository/commons-codec/commons-codec/1.11/commons-codec-1.11.jar:/home/raphael/.m2/repository/org/apache/httpcomponents/httpmime/4.5.13/httpmime-4.5.13.jar:/home/raphael/.m2/repository/org/hamcrest/hamcrest/2.1/hamcrest-2.1.jar:/home/raphael/.m2/repository/org/ccil/cowan/tagsoup/tagsoup/1.2.1/tagsoup-1.2.1.jar:/home/raphael/.m2/repository/io/rest-assured/json-path/5.1.0/json-path-5.1.0.jar:/home/raphael/.m2/repository/org/apache/groovy/groovy-json/4.0.1/groovy-json-4.0.1.jar:/home/raphael/.m2/repository/io/rest-assured/rest-assured-common/5.1.0/rest-assured-common-5.1.0.jar:/home/raphael/.m2/repository/io/rest-assured/xml-path/5.1.0/xml-path-5.1.0.jar:/home/raphael/.m2/repository/com/googlecode/json-simple/json-simple/1.1.1/json-simple-1.1.1.jar:/home/raphael/.m2/repository/com/fasterxml/jackson/core/jackson-databind/2.13.0/jackson-databind-2.13.0.jar:/home/raphael/.m2/repository/com/fasterxml/jackson/core/jackson-annotations/2.13.0/jackson-annotations-2.13.0.jar:/home/raphael/.m2/repository/com/fasterxml/jackson/core/jackson-core/2.13.0/jackson-core-2.13.0.jar:"/>
    <property name="java.vm.vendor" value="Ubuntu"/>
    <property name="sun.arch.data.model" value="64"/>
    <property name="java.vendor.url" value="https://ubuntu.com/"/>
    <property name="user.timezone" value="Africa/Nairobi"/>
    <property name="java.vm.specification.version" value="11"/>
    <property name="os.name" value="Linux"/>
    <property name="sun.java.launcher" value="SUN_STANDARD"/>
    <property name="user.country" value="US"/>
    <property name="sun.boot.library.path" value="/usr/lib/jvm/java-11-openjdk-amd64/lib"/>
    <property name="sun.java.command" value="/home/raphael/Desktop/Intellij projects/DomainChallenge/target/surefire/surefirebooter6746499514250724645.jar /home/raphael/Desktop/Intellij projects/DomainChallenge/target/surefire 2022-07-19T03-36-34_933-jvmRun1 surefire16342249529581464480tmp surefire_017247113090532879873tmp"/>
    <property name="jdk.debug" value="release"/>
    <property name="surefire.test.class.path" value="/home/raphael/Desktop/Intellij projects/DomainChallenge/target/test-classes:/home/raphael/Desktop/Intellij projects/DomainChallenge/target/classes:/home/raphael/.m2/repository/io/cucumber/cucumber-java/6.11.0/cucumber-java-6.11.0.jar:/home/raphael/.m2/repository/io/cucumber/cucumber-core/6.11.0/cucumber-core-6.11.0.jar:/home/raphael/.m2/repository/io/cucumber/cucumber-gherkin/6.11.0/cucumber-gherkin-6.11.0.jar:/home/raphael/.m2/repository/io/cucumber/cucumber-gherkin-messages/6.11.0/cucumber-gherkin-messages-6.11.0.jar:/home/raphael/.m2/repository/io/cucumber/messages/15.0.0/messages-15.0.0.jar:/home/raphael/.m2/repository/io/cucumber/tag-expressions/3.0.1/tag-expressions-3.0.1.jar:/home/raphael/.m2/repository/io/cucumber/cucumber-expressions/10.3.0/cucumber-expressions-10.3.0.jar:/home/raphael/.m2/repository/io/cucumber/datatable/3.5.0/datatable-3.5.0.jar:/home/raphael/.m2/repository/io/cucumber/cucumber-plugin/6.11.0/cucumber-plugin-6.11.0.jar:/home/raphael/.m2/repository/io/cucumber/docstring/6.11.0/docstring-6.11.0.jar:/home/raphael/.m2/repository/io/cucumber/html-formatter/13.0.0/html-formatter-13.0.0.jar:/home/raphael/.m2/repository/io/cucumber/create-meta/4.0.0/create-meta-4.0.0.jar:/home/raphael/.m2/repository/org/apiguardian/apiguardian-api/1.1.2/apiguardian-api-1.1.2.jar:/home/raphael/.m2/repository/io/cucumber/cucumber-junit/6.11.0/cucumber-junit-6.11.0.jar:/home/raphael/.m2/repository/junit/junit/4.13.2/junit-4.13.2.jar:/home/raphael/.m2/repository/org/hamcrest/hamcrest-core/1.3/hamcrest-core-1.3.jar:/home/raphael/.m2/repository/org/seleniumhq/selenium/selenium-java/3.141.59/selenium-java-3.141.59.jar:/home/raphael/.m2/repository/org/seleniumhq/selenium/selenium-api/3.141.59/selenium-api-3.141.59.jar:/home/raphael/.m2/repository/org/seleniumhq/selenium/selenium-chrome-driver/3.141.59/selenium-chrome-driver-3.141.59.jar:/home/raphael/.m2/repository/org/seleniumhq/selenium/selenium-edge-driver/3.141.59/selenium-edge-driver-3.141.59.jar:/home/raphael/.m2/repository/org/seleniumhq/selenium/selenium-firefox-driver/3.141.59/selenium-firefox-driver-3.141.59.jar:/home/raphael/.m2/repository/org/seleniumhq/selenium/selenium-ie-driver/3.141.59/selenium-ie-driver-3.141.59.jar:/home/raphael/.m2/repository/org/seleniumhq/selenium/selenium-opera-driver/3.141.59/selenium-opera-driver-3.141.59.jar:/home/raphael/.m2/repository/org/seleniumhq/selenium/selenium-remote-driver/3.141.59/selenium-remote-driver-3.141.59.jar:/home/raphael/.m2/repository/org/seleniumhq/selenium/selenium-safari-driver/3.141.59/selenium-safari-driver-3.141.59.jar:/home/raphael/.m2/repository/org/seleniumhq/selenium/selenium-support/3.141.59/selenium-support-3.141.59.jar:/home/raphael/.m2/repository/net/bytebuddy/byte-buddy/1.8.15/byte-buddy-1.8.15.jar:/home/raphael/.m2/repository/org/apache/commons/commons-exec/1.3/commons-exec-1.3.jar:/home/raphael/.m2/repository/com/google/guava/guava/25.0-jre/guava-25.0-jre.jar:/home/raphael/.m2/repository/com/google/code/findbugs/jsr305/1.3.9/jsr305-1.3.9.jar:/home/raphael/.m2/repository/org/checkerframework/checker-compat-qual/2.0.0/checker-compat-qual-2.0.0.jar:/home/raphael/.m2/repository/com/google/errorprone/error_prone_annotations/2.1.3/error_prone_annotations-2.1.3.jar:/home/raphael/.m2/repository/com/google/j2objc/j2objc-annotations/1.1/j2objc-annotations-1.1.jar:/home/raphael/.m2/repository/org/codehaus/mojo/animal-sniffer-annotations/1.14/animal-sniffer-annotations-1.14.jar:/home/raphael/.m2/repository/com/squareup/okhttp3/okhttp/3.11.0/okhttp-3.11.0.jar:/home/raphael/.m2/repository/com/squareup/okio/okio/1.14.0/okio-1.14.0.jar:/home/raphael/.m2/repository/com/github/javafaker/javafaker/1.0.2/javafaker-1.0.2.jar:/home/raphael/.m2/repository/org/apache/commons/commons-lang3/3.5/commons-lang3-3.5.jar:/home/raphael/.m2/repository/org/yaml/snakeyaml/1.23/snakeyaml-1.23-android.jar:/home/raphael/.m2/repository/com/github/mifmif/generex/1.0.2/generex-1.0.2.jar:/home/raphael/.m2/repository/dk/brics/automaton/automaton/1.11-8/automaton-1.11-8.jar:/home/raphael/.m2/repository/io/github/bonigarcia/webdrivermanager/5.0.2/webdrivermanager-5.0.2.jar:/home/raphael/.m2/repository/org/slf4j/slf4j-api/1.7.32/slf4j-api-1.7.32.jar:/home/raphael/.m2/repository/com/google/code/gson/gson/2.8.8/gson-2.8.8.jar:/home/raphael/.m2/repository/org/jsoup/jsoup/1.14.2/jsoup-1.14.2.jar:/home/raphael/.m2/repository/com/github/docker-java/docker-java/3.2.11/docker-java-3.2.11.jar:/home/raphael/.m2/repository/com/github/docker-java/docker-java-core/3.2.11/docker-java-core-3.2.11.jar:/home/raphael/.m2/repository/com/github/docker-java/docker-java-api/3.2.11/docker-java-api-3.2.11.jar:/home/raphael/.m2/repository/org/apache/commons/commons-compress/1.20/commons-compress-1.20.jar:/home/raphael/.m2/repository/commons-lang/commons-lang/2.6/commons-lang-2.6.jar:/home/raphael/.m2/repository/org/bouncycastle/bcpkix-jdk15on/1.64/bcpkix-jdk15on-1.64.jar:/home/raphael/.m2/repository/org/bouncycastle/bcprov-jdk15on/1.64/bcprov-jdk15on-1.64.jar:/home/raphael/.m2/repository/org/slf4j/jcl-over-slf4j/1.7.30/jcl-over-slf4j-1.7.30.jar:/home/raphael/.m2/repository/com/github/docker-java/docker-java-transport-httpclient5/3.2.11/docker-java-transport-httpclient5-3.2.11.jar:/home/raphael/.m2/repository/com/github/docker-java/docker-java-transport/3.2.11/docker-java-transport-3.2.11.jar:/home/raphael/.m2/repository/org/apache/httpcomponents/client5/httpclient5/5.0.3/httpclient5-5.0.3.jar:/home/raphael/.m2/repository/org/apache/httpcomponents/core5/httpcore5/5.0.2/httpcore5-5.0.2.jar:/home/raphael/.m2/repository/net/java/dev/jna/jna/5.8.0/jna-5.8.0.jar:/home/raphael/.m2/repository/org/brotli/dec/0.1.2/dec-0.1.2.jar:/home/raphael/.m2/repository/me/jvt/cucumber/reporting-plugin/5.3.0/reporting-plugin-5.3.0.jar:/home/raphael/.m2/repository/io/cucumber/gherkin/18.0.0/gherkin-18.0.0.jar:/home/raphael/.m2/repository/net/masterthought/cucumber-reporting/5.6.0/cucumber-reporting-5.6.0.jar:/home/raphael/.m2/repository/com/fasterxml/jackson/datatype/jackson-datatype-jsr310/2.12.1/jackson-datatype-jsr310-2.12.1.jar:/home/raphael/.m2/repository/org/apache/velocity/velocity-engine-core/2.3/velocity-engine-core-2.3.jar:/home/raphael/.m2/repository/commons-collections/commons-collections/3.2.2/commons-collections-3.2.2.jar:/home/raphael/.m2/repository/joda-time/joda-time/2.10.10/joda-time-2.10.10.jar:/home/raphael/.m2/repository/commons-io/commons-io/2.7/commons-io-2.7.jar:/home/raphael/.m2/repository/org/codehaus/plexus/plexus-utils/3.3.0/plexus-utils-3.3.0.jar:/home/raphael/.m2/repository/com/googlecode/owasp-java-html-sanitizer/owasp-java-html-sanitizer/20200713.1/owasp-java-html-sanitizer-20200713.1.jar:/home/raphael/.m2/repository/commons-configuration/commons-configuration/1.10/commons-configuration-1.10.jar:/home/raphael/.m2/repository/org/slf4j/slf4j-simple/1.7.32/slf4j-simple-1.7.32.jar:/home/raphael/.m2/repository/io/rest-assured/rest-assured/5.1.0/rest-assured-5.1.0.jar:/home/raphael/.m2/repository/org/apache/groovy/groovy/4.0.1/groovy-4.0.1.jar:/home/raphael/.m2/repository/org/apache/groovy/groovy-xml/4.0.1/groovy-xml-4.0.1.jar:/home/raphael/.m2/repository/org/apache/httpcomponents/httpclient/4.5.13/httpclient-4.5.13.jar:/home/raphael/.m2/repository/org/apache/httpcomponents/httpcore/4.4.13/httpcore-4.4.13.jar:/home/raphael/.m2/repository/commons-logging/commons-logging/1.2/commons-logging-1.2.jar:/home/raphael/.m2/repository/commons-codec/commons-codec/1.11/commons-codec-1.11.jar:/home/raphael/.m2/repository/org/apache/httpcomponents/httpmime/4.5.13/httpmime-4.5.13.jar:/home/raphael/.m2/repository/org/hamcrest/hamcrest/2.1/hamcrest-2.1.jar:/home/raphael/.m2/repository/org/ccil/cowan/tagsoup/tagsoup/1.2.1/tagsoup-1.2.1.jar:/home/raphael/.m2/repository/io/rest-assured/json-path/5.1.0/json-path-5.1.0.jar:/home/raphael/.m2/repository/org/apache/groovy/groovy-json/4.0.1/groovy-json-4.0.1.jar:/home/raphael/.m2/repository/io/rest-assured/rest-assured-common/5.1.0/rest-assured-common-5.1.0.jar:/home/raphael/.m2/repository/io/rest-assured/xml-path/5.1.0/xml-path-5.1.0.jar:/home/raphael/.m2/repository/com/googlecode/json-simple/json-simple/1.1.1/json-simple-1.1.1.jar:/home/raphael/.m2/repository/com/fasterxml/jackson/core/jackson-databind/2.13.0/jackson-databind-2.13.0.jar:/home/raphael/.m2/repository/com/fasterxml/jackson/core/jackson-annotations/2.13.0/jackson-annotations-2.13.0.jar:/home/raphael/.m2/repository/com/fasterxml/jackson/core/jackson-core/2.13.0/jackson-core-2.13.0.jar:"/>
    <property name="sun.cpu.endian" value="little"/>
    <property name="user.home" value="/home/raphael"/>
    <property name="user.language" value="en"/>
    <property name="java.specification.vendor" value="Oracle Corporation"/>
    <property name="java.version.date" value="2021-04-20"/>
    <property name="java.home" value="/usr/lib/jvm/java-11-openjdk-amd64"/>
    <property name="file.separator" value="/"/>
    <property name="basedir" value="/home/raphael/Desktop/Intellij projects/DomainChallenge"/>
    <property name="java.vm.compressedOopsMode" value="32-bit"/>
    <property name="line.separator" value="&#10;"/>
    <property name="java.specification.name" value="Java Platform API Specification"/>
    <property name="java.vm.specification.vendor" value="Oracle Corporation"/>
    <property name="java.awt.graphicsenv" value="sun.awt.X11GraphicsEnvironment"/>
    <property name="surefire.real.class.path" value="/home/raphael/Desktop/Intellij projects/DomainChallenge/target/surefire/surefirebooter6746499514250724645.jar"/>
    <property name="sun.management.compiler" value="HotSpot 64-Bit Tiered Compilers"/>
    <property name="java.runtime.version" value="11.0.11+9-Ubuntu-0ubuntu2.20.04"/>
    <property name="user.name" value="raphael"/>
    <property name="path.separator" value=":"/>
    <property name="os.version" value="5.4.0-91-generic"/>
    <property name="java.runtime.name" value="OpenJDK Runtime Environment"/>
    <property name="file.encoding" value="UTF-8"/>
    <property name="java.vm.name" value="OpenJDK 64-Bit Server VM"/>
    <property name="localRepository" value="/home/raphael/.m2/repository"/>
    <property name="java.vendor.url.bug" value="https://bugs.launchpad.net/ubuntu/+source/openjdk-lts"/>
    <property name="java.io.tmpdir" value="/tmp"/>
    <property name="idea.version" value="2022.1.3"/>
    <property name="java.version" value="11.0.11"/>
    <property name="user.dir" value="/home/raphael/Desktop/Intellij projects/DomainChallenge"/>
    <property name="os.arch" value="amd64"/>
    <property name="java.vm.specification.name" value="Java Virtual Machine Specification"/>
    <property name="java.awt.printerjob" value="sun.print.PSPrinterJob"/>
    <property name="sun.os.patch.level" value="unknown"/>
    <property name="java.library.path" value="/usr/java/packages/lib:/usr/lib/x86_64-linux-gnu/jni:/lib/x86_64-linux-gnu:/usr/lib/x86_64-linux-gnu:/usr/lib/jni:/lib:/usr/lib"/>
    <property name="java.vm.info" value="mixed mode, sharing"/>
    <property name="java.vendor" value="Ubuntu"/>
    <property name="java.vm.version" value="11.0.11+9-Ubuntu-0ubuntu2.20.04"/>
    <property name="sun.io.unicode.encoding" value="UnicodeLittle"/>
    <property name="java.class.version" value="55.0"/>
  </properties>
  <testcase name="user logins in successfully" classname="As a user I should be able to login to my store app" time="50.611">
    <system-out><![CDATA[
@ui
Scenario: user logins in successfully        &amp#27;[90m# src/test/resources/features/login.feature:4&amp#27;[0m
  &amp#27;[32mGiven &amp#27;[0m&amp#27;[32mwe are on landing page&amp#27;[0m               &amp#27;[90m# com.esusu.step_definitions.LoginStepDef.we_are_at_my_store_landing_page()&amp#27;[0m
  &amp#27;[32mWhen &amp#27;[0m&amp#27;[32muser clicks on sign_In option&amp#27;[0m         &amp#27;[90m# com.esusu.step_definitions.LoginStepDef.user_clicks_on_signin_option()&amp#27;[0m
  &amp#27;[32mAnd &amp#27;[0m&amp#27;[32muser enters correct email and password&amp#27;[0m &amp#27;[90m# com.esusu.step_definitions.LoginStepDef.userEntersCorrectEmailAndPassword()&amp#27;[0m
  &amp#27;[32mThen &amp#27;[0m&amp#27;[32muser is logs in successfully&amp#27;[0m          &amp#27;[90m# com.esusu.step_definitions.LoginStepDef.user_user_should_be_directed_to_enter_metadata_page()&amp#27;[0m
]]></system-out>
    <system-err><![CDATA[[pool-2-thread-4] INFO io.github.bonigarcia.wdm.WebDriverManager - Using chromedriver 103.0.5060.53 (resolved driver for Chrome 103)
[pool-2-thread-4] INFO io.github.bonigarcia.wdm.WebDriverManager - Exporting webdriver.chrome.driver as /home/raphael/.cache/selenium/chromedriver/linux64/103.0.5060.53/chromedriver
Starting ChromeDriver 103.0.5060.53 (a1711811edd74ff1cf2150f36ffa3b0dae40b17f-refs/branch-heads/5060@{#853}) on port 25428
Only local connections are allowed.
Please see https://chromedriver.chromium.org/security-considerations for suggestions on keeping ChromeDriver safe.
ChromeDriver was started successfully.
Jul 19, 2022 3:36:46 AM org.openqa.selenium.remote.ProtocolHandshake createSession
INFO: Detected dialect: W3C
]]></system-err>
  </testcase>
</testsuite>